Using pre-set license
Built from '2020.3/release' branch; Version is '2020.3.1f1 (77a89f25062f) revision 7841951'; Using compiler version '192528614'; Build Type 'Release'
OS: 'Windows 10 Pro; OS build 19045.2965; Version 2009; 64bit' Language: 'ko' Physical Memory: 16318 MB
BatchMode: 1, IsHumanControllingUs: 0, StartBugReporterOnCrash: 0, Is64bit: 1, IsPro: 0

 COMMAND LINE ARGUMENTS:
D:\Unity\2020.3.1f1\Editor\Unity.exe
-adb2
-batchMode
-noUpm
-name
AssetImportWorker0
-projectPath
D:/Desktop/GithubBackup/UndyingPeaceGirl/UnDyingPeaceGirlGame/UndyingPeaceGirl
-logFile
Logs/AssetImportWorker0.log
-srvPort
63730
Successfully changed project path to: D:/Desktop/GithubBackup/UndyingPeaceGirl/UnDyingPeaceGirlGame/UndyingPeaceGirl
D:/Desktop/GithubBackup/UndyingPeaceGirl/UnDyingPeaceGirlGame/UndyingPeaceGirl
Using Asset Import Pipeline V2.
Refreshing native plugins compatible for Editor in 61.59 ms, found 0 plugins.
Preloading 0 native plugins for Editor in 0.00 ms.
Initialize engine version: 2020.3.1f1 (77a89f25062f)
[Subsystems] Discovering subsystems at path D:/Unity/2020.3.1f1/Editor/Data/Resources/UnitySubsystems
[Subsystems] Discovering subsystems at path D:/Desktop/GithubBackup/UndyingPeaceGirl/UnDyingPeaceGirlGame/UndyingPeaceGirl/Assets
GfxDevice: creating device client; threaded=0
Direct3D:
    Version:  Direct3D 11.0 [level 11.1]
    Renderer: NVIDIA GeForce RTX 2060 SUPER (ID=0x1f06)
    Vendor:   
    VRAM:     8031 MB
    Driver:   31.0.15.1694
Initialize mono
Mono path[0] = 'D:/Unity/2020.3.1f1/Editor/Data/Managed'
Mono path[1] = 'D:/Unity/2020.3.1f1/Editor/Data/MonoBleedingEdge/lib/mono/unityjit'
Mono config path = 'D:/Unity/2020.3.1f1/Editor/Data/MonoBleedingEdge/etc'
Using monoOptions --debugger-agent=transport=dt_socket,embedding=1,server=y,suspend=n,address=127.0.0.1:56084
Begin MonoManager ReloadAssembly
Registering precompiled unity dll's ...
Register platform support module: D:/Unity/2020.3.1f1/Editor/Data/PlaybackEngines/WindowsStandaloneSupport/UnityEditor.WindowsStandalone.Extensions.dll
Registered in 0.001146 seconds.
Native extension for WindowsStandalone target not found
Refreshing native plugins compatible for Editor in 40.37 ms, found 0 plugins.
Preloading 0 native plugins for Editor in 0.00 ms.
Invoked RoslynAnalysisRunner static constructor.
RoslynAnalysisRunner will not be running.
RoslynAnalysisRunner has terminated.
Mono: successfully reloaded assembly
- Completed reload, in  1.266 seconds
Platform modules already initialized, skipping
Registering precompiled user dll's ...
Registered in 0.001240 seconds.
Begin MonoManager ReloadAssembly
Native extension for WindowsStandalone target not found
Refreshing native plugins compatible for Editor in 0.37 ms, found 0 plugins.
Preloading 0 native plugins for Editor in 0.00 ms.
Invoked RoslynAnalysisRunner static constructor.
RoslynAnalysisRunner will not be running.
RoslynAnalysisRunner has terminated.
Mono: successfully reloaded assembly
- Completed reload, in  0.814 seconds
Platform modules already initialized, skipping
========================================================================
Worker process is ready to serve import requests
Launched and connected shader compiler UnityShaderCompiler.exe after 0.06 seconds
Refreshing native plugins compatible for Editor in 0.36 ms, found 0 plugins.
Preloading 0 native plugins for Editor in 0.00 ms.
Unloading 1743 Unused Serialized files (Serialized files now loaded: 0)
System memory in use before: 86.4 MB.
System memory in use after: 85.2 MB.

Unloading 30 unused Assets to reduce memory usage. Loaded Objects now: 2180.
Total: 2.470300 ms (FindLiveObjects: 0.176900 ms CreateObjectMapping: 0.063800 ms MarkObjects: 1.365800 ms  DeleteObjects: 0.863000 ms)

========================================================================
Received Import Request.
  path: Assets/Spine/Runtime/spine-unity/Asset Types/AnimationReferenceAsset.cs
  artifactKey: Guid(6e3e95a05e4c9774397eeeb7bdee8ccb) Importer(815301076,1909f56bfc062723c751e8b465ee728b)
Start importing Assets/Spine/Runtime/spine-unity/Asset Types/AnimationReferenceAsset.cs using Guid(6e3e95a05e4c9774397eeeb7bdee8ccb) Importer(815301076,1909f56bfc062723c751e8b465ee728b)  -> (artifact id: 'a386fc4892ae3a727959e0a3177be323') in 0.060968 seconds
  Import took 0.063797 seconds .

========================================================================
Received Import Request.
  Time since last request: 9.315612 seconds.
  path: Assets/Spine/Editor/spine-unity/Editor/Asset Types/AnimationReferenceAssetEditor.cs
  artifactKey: Guid(9511532e80feed24881a5863f5485446) Importer(815301076,1909f56bfc062723c751e8b465ee728b)
Start importing Assets/Spine/Editor/spine-unity/Editor/Asset Types/AnimationReferenceAssetEditor.cs using Guid(9511532e80feed24881a5863f5485446) Importer(815301076,1909f56bfc062723c751e8b465ee728b)  -> (artifact id: 'f89b42b9f6a3839c7867054b8d532a50') in 0.005773 seconds
  Import took 0.008188 seconds .

========================================================================
Received Import Request.
  Time since last request: 0.032182 seconds.
  path: Assets/Spine/Editor/spine-unity/Editor/Asset Types/AnimationReferenceAssetEditor.cs
  artifactKey: Guid(9511532e80feed24881a5863f5485446) Importer(815301076,1909f56bfc062723c751e8b465ee728b)
Start importing Assets/Spine/Editor/spine-unity/Editor/Asset Types/AnimationReferenceAssetEditor.cs using Guid(9511532e80feed24881a5863f5485446) Importer(815301076,1909f56bfc062723c751e8b465ee728b)  -> (artifact id: 'f89b42b9f6a3839c7867054b8d532a50') in 0.001644 seconds
  Import took 0.004164 seconds .

========================================================================
Received Import Request.
  Time since last request: 26.803031 seconds.
  path: Assets/Spine/Runtime/spine-unity/Asset Types/SkeletonDataAsset.cs
  artifactKey: Guid(f1b3b4b945939a54ea0b23d3396115fb) Importer(815301076,1909f56bfc062723c751e8b465ee728b)
Start importing Assets/Spine/Runtime/spine-unity/Asset Types/SkeletonDataAsset.cs using Guid(f1b3b4b945939a54ea0b23d3396115fb) Importer(815301076,1909f56bfc062723c751e8b465ee728b)  -> (artifact id: '5908d5be283c5604cdbc902e69df0ce3') in 0.006370 seconds
  Import took 0.008798 seconds .

========================================================================
Received Import Request.
  Time since last request: 0.024431 seconds.
  path: Assets/Spine/Runtime/spine-unity/Asset Types/SkeletonDataAsset.cs
  artifactKey: Guid(f1b3b4b945939a54ea0b23d3396115fb) Importer(815301076,1909f56bfc062723c751e8b465ee728b)
Start importing Assets/Spine/Runtime/spine-unity/Asset Types/SkeletonDataAsset.cs using Guid(f1b3b4b945939a54ea0b23d3396115fb) Importer(815301076,1909f56bfc062723c751e8b465ee728b)  -> (artifact id: '5908d5be283c5604cdbc902e69df0ce3') in 0.002310 seconds
  Import took 0.004833 seconds .

========================================================================
Received Import Request.
  Time since last request: 0.848437 seconds.
  path: Assets/Spine/Runtime/spine-unity/Asset Types/RegionlessAttachmentLoader.cs
  artifactKey: Guid(15f0f78b87720c047a320c5e0e3f91b7) Importer(815301076,1909f56bfc062723c751e8b465ee728b)
Start importing Assets/Spine/Runtime/spine-unity/Asset Types/RegionlessAttachmentLoader.cs using Guid(15f0f78b87720c047a320c5e0e3f91b7) Importer(815301076,1909f56bfc062723c751e8b465ee728b)  -> (artifact id: '81e20558660e8026fc23c20321a400a5') in 0.005795 seconds
  Import took 0.008426 seconds .

========================================================================
Received Import Request.
  Time since last request: 0.000458 seconds.
  path: Assets/Spine/Runtime/spine-unity/Asset Types/RegionlessAttachmentLoader.cs
  artifactKey: Guid(15f0f78b87720c047a320c5e0e3f91b7) Importer(815301076,1909f56bfc062723c751e8b465ee728b)
Start importing Assets/Spine/Runtime/spine-unity/Asset Types/RegionlessAttachmentLoader.cs using Guid(15f0f78b87720c047a320c5e0e3f91b7) Importer(815301076,1909f56bfc062723c751e8b465ee728b)  -> (artifact id: '81e20558660e8026fc23c20321a400a5') in 0.013726 seconds
  Import took 0.016347 seconds .

========================================================================
Received Import Request.
  Time since last request: 0.740626 seconds.
  path: Assets/Spine/Runtime/spine-unity/Asset Types/SkeletonDataCompatibility.cs
  artifactKey: Guid(4224df6e20549f0449154531ae080201) Importer(815301076,1909f56bfc062723c751e8b465ee728b)
Start importing Assets/Spine/Runtime/spine-unity/Asset Types/SkeletonDataCompatibility.cs using Guid(4224df6e20549f0449154531ae080201) Importer(815301076,1909f56bfc062723c751e8b465ee728b)  -> (artifact id: 'c3d1ae77fc99ef044aa316f1999904b8') in 0.005804 seconds
  Import took 0.008719 seconds .

========================================================================
Received Import Request.
  Time since last request: 0.000429 seconds.
  path: Assets/Spine/Runtime/spine-unity/Asset Types/SkeletonDataCompatibility.cs
  artifactKey: Guid(4224df6e20549f0449154531ae080201) Importer(815301076,1909f56bfc062723c751e8b465ee728b)
Start importing Assets/Spine/Runtime/spine-unity/Asset Types/SkeletonDataCompatibility.cs using Guid(4224df6e20549f0449154531ae080201) Importer(815301076,1909f56bfc062723c751e8b465ee728b)  -> (artifact id: 'c3d1ae77fc99ef044aa316f1999904b8') in 0.001903 seconds
  Import took 0.005125 seconds .

========================================================================
Received Import Request.
  Time since last request: 0.647521 seconds.
  path: Assets/Spine/Runtime/spine-unity/Asset Types/SkeletonDataModifierAsset.cs
  artifactKey: Guid(79a44aba1f342f440965874280b4c318) Importer(815301076,1909f56bfc062723c751e8b465ee728b)
Start importing Assets/Spine/Runtime/spine-unity/Asset Types/SkeletonDataModifierAsset.cs using Guid(79a44aba1f342f440965874280b4c318) Importer(815301076,1909f56bfc062723c751e8b465ee728b)  -> (artifact id: '8441d3354c37aeaf5afdd518ce287777') in 0.007140 seconds
  Import took 0.009917 seconds .

========================================================================
Received Import Request.
  Time since last request: 0.394915 seconds.
  path: Assets/Spine/Runtime/spine-unity/Asset Types/SpineAtlasAsset.cs
  artifactKey: Guid(a6b194f808b1af6499c93410e504af42) Importer(815301076,1909f56bfc062723c751e8b465ee728b)
Start importing Assets/Spine/Runtime/spine-unity/Asset Types/SpineAtlasAsset.cs using Guid(a6b194f808b1af6499c93410e504af42) Importer(815301076,1909f56bfc062723c751e8b465ee728b)  -> (artifact id: '64868a6d6fa4789cdd28a360005fcd17') in 0.007227 seconds
  Import took 0.009984 seconds .

========================================================================
Received Import Request.
  Time since last request: 0.000431 seconds.
  path: Assets/Spine/Runtime/spine-unity/Asset Types/SpineAtlasAsset.cs
  artifactKey: Guid(a6b194f808b1af6499c93410e504af42) Importer(815301076,1909f56bfc062723c751e8b465ee728b)
Start importing Assets/Spine/Runtime/spine-unity/Asset Types/SpineAtlasAsset.cs using Guid(a6b194f808b1af6499c93410e504af42) Importer(815301076,1909f56bfc062723c751e8b465ee728b)  -> (artifact id: '64868a6d6fa4789cdd28a360005fcd17') in 0.001968 seconds
  Import took 0.006272 seconds .

========================================================================
Received Import Request.
  Time since last request: 1.372113 seconds.
  path: Assets/Spine/Runtime/spine-unity/Asset Types/SpineSpriteAtlasAsset.cs
  artifactKey: Guid(ce59897dd7e6cbc4690a05ebaf975dff) Importer(815301076,1909f56bfc062723c751e8b465ee728b)
Start importing Assets/Spine/Runtime/spine-unity/Asset Types/SpineSpriteAtlasAsset.cs using Guid(ce59897dd7e6cbc4690a05ebaf975dff) Importer(815301076,1909f56bfc062723c751e8b465ee728b)  -> (artifact id: '6610ea1d6b947e1e865bd75d0676f50c') in 0.006968 seconds
  Import took 0.009568 seconds .

========================================================================
Received Import Request.
  Time since last request: 0.023084 seconds.
  path: Assets/Spine/Runtime/spine-unity/Asset Types/SpineSpriteAtlasAsset.cs
  artifactKey: Guid(ce59897dd7e6cbc4690a05ebaf975dff) Importer(815301076,1909f56bfc062723c751e8b465ee728b)
Start importing Assets/Spine/Runtime/spine-unity/Asset Types/SpineSpriteAtlasAsset.cs using Guid(ce59897dd7e6cbc4690a05ebaf975dff) Importer(815301076,1909f56bfc062723c751e8b465ee728b)  -> (artifact id: '6610ea1d6b947e1e865bd75d0676f50c') in 0.002354 seconds
  Import took 0.005339 seconds .

========================================================================
Received Import Request.
  Time since last request: 1.071260 seconds.
  path: Assets/Spine/Runtime/spine-unity/Asset Types/EventDataReferenceAsset.cs
  artifactKey: Guid(8e60be42c1473144db0fd3337c25b500) Importer(815301076,1909f56bfc062723c751e8b465ee728b)
Start importing Assets/Spine/Runtime/spine-unity/Asset Types/EventDataReferenceAsset.cs using Guid(8e60be42c1473144db0fd3337c25b500) Importer(815301076,1909f56bfc062723c751e8b465ee728b)  -> (artifact id: 'c216ff641cd885f6e952428573512441') in 0.005533 seconds
  Import took 0.007998 seconds .

========================================================================
Received Import Request.
  Time since last request: 0.000604 seconds.
  path: Assets/Spine/Runtime/spine-unity/Asset Types/EventDataReferenceAsset.cs
  artifactKey: Guid(8e60be42c1473144db0fd3337c25b500) Importer(815301076,1909f56bfc062723c751e8b465ee728b)
Start importing Assets/Spine/Runtime/spine-unity/Asset Types/EventDataReferenceAsset.cs using Guid(8e60be42c1473144db0fd3337c25b500) Importer(815301076,1909f56bfc062723c751e8b465ee728b)  -> (artifact id: 'c216ff641cd885f6e952428573512441') in 0.001542 seconds
  Import took 0.004634 seconds .

========================================================================
Received Import Request.
  Time since last request: 0.614649 seconds.
  path: Assets/Spine/Runtime/spine-unity/Asset Types/BlendModeMaterials.cs
  artifactKey: Guid(d03ca55657e89b949a4c07bc9207beac) Importer(815301076,1909f56bfc062723c751e8b465ee728b)
Start importing Assets/Spine/Runtime/spine-unity/Asset Types/BlendModeMaterials.cs using Guid(d03ca55657e89b949a4c07bc9207beac) Importer(815301076,1909f56bfc062723c751e8b465ee728b)  -> (artifact id: '60e0f6fda18407a887c99dda09cfb006') in 0.006078 seconds
  Import took 0.009437 seconds .

========================================================================
Received Import Request.
  Time since last request: 0.001892 seconds.
  path: Assets/Spine/Runtime/spine-unity/Asset Types/BlendModeMaterials.cs
  artifactKey: Guid(d03ca55657e89b949a4c07bc9207beac) Importer(815301076,1909f56bfc062723c751e8b465ee728b)
Start importing Assets/Spine/Runtime/spine-unity/Asset Types/BlendModeMaterials.cs using Guid(d03ca55657e89b949a4c07bc9207beac) Importer(815301076,1909f56bfc062723c751e8b465ee728b)  -> (artifact id: '60e0f6fda18407a887c99dda09cfb006') in 0.001857 seconds
  Import took 0.005426 seconds .

========================================================================
Received Import Request.
  Time since last request: 0.570577 seconds.
  path: Assets/Spine/Runtime/spine-unity/Asset Types/AtlasAssetBase.cs
  artifactKey: Guid(787a36933c1c6e14db2104c01ed92dcb) Importer(815301076,1909f56bfc062723c751e8b465ee728b)
Start importing Assets/Spine/Runtime/spine-unity/Asset Types/AtlasAssetBase.cs using Guid(787a36933c1c6e14db2104c01ed92dcb) Importer(815301076,1909f56bfc062723c751e8b465ee728b)  -> (artifact id: '063b22b10bb734ce1f2289a742df8f6e') in 0.006607 seconds
  Import took 0.009214 seconds .

========================================================================
Received Prepare
Registering precompiled user dll's ...
Registered in 0.001206 seconds.
Begin MonoManager ReloadAssembly
Native extension for WindowsStandalone target not found
Refreshing native plugins compatible for Editor in 0.37 ms, found 0 plugins.
Preloading 0 native plugins for Editor in 0.00 ms.
Invoked RoslynAnalysisRunner static constructor.
RoslynAnalysisRunner will not be running.
RoslynAnalysisRunner has terminated.
Mono: successfully reloaded assembly
- Completed reload, in  0.703 seconds
Platform modules already initialized, skipping
Refreshing native plugins compatible for Editor in 0.36 ms, found 0 plugins.
Preloading 0 native plugins for Editor in 0.00 ms.
Unloading 1710 Unused Serialized files (Serialized files now loaded: 0)
System memory in use before: 84.1 MB.
System memory in use after: 83.0 MB.

Unloading 21 unused Assets to reduce memory usage. Loaded Objects now: 2183.
Total: 2.408700 ms (FindLiveObjects: 0.172400 ms CreateObjectMapping: 0.060800 ms MarkObjects: 1.263300 ms  DeleteObjects: 0.910800 ms)

========================================================================
Received Import Request.
  Time since last request: 60.868775 seconds.
  path: Assets/Resources/Spine/Player1/char_0_SkeletonData.asset
  artifactKey: Guid(06e41b77ab5a7944d8b0ae5a90ea7256) Importer(815301076,1909f56bfc062723c751e8b465ee728b)
Start importing Assets/Resources/Spine/Player1/char_0_SkeletonData.asset using Guid(06e41b77ab5a7944d8b0ae5a90ea7256) Importer(815301076,1909f56bfc062723c751e8b465ee728b)  -> (artifact id: '7f604a14c3eb768eddb17819fa03e429') in 0.298871 seconds
  Import took 0.302837 seconds .

========================================================================
Received Prepare
Registering precompiled user dll's ...
Registered in 0.001454 seconds.
Begin MonoManager ReloadAssembly
Native extension for WindowsStandalone target not found
Refreshing native plugins compatible for Editor in 0.50 ms, found 0 plugins.
Preloading 0 native plugins for Editor in 0.00 ms.
Invoked RoslynAnalysisRunner static constructor.
RoslynAnalysisRunner will not be running.
RoslynAnalysisRunner has terminated.
Mono: successfully reloaded assembly
- Completed reload, in  0.753 seconds
Platform modules already initialized, skipping
Refreshing native plugins compatible for Editor in 0.36 ms, found 0 plugins.
Preloading 0 native plugins for Editor in 0.00 ms.
Unloading 1710 Unused Serialized files (Serialized files now loaded: 0)
System memory in use before: 87.7 MB.
System memory in use after: 86.5 MB.

Unloading 21 unused Assets to reduce memory usage. Loaded Objects now: 2194.
Total: 2.318000 ms (FindLiveObjects: 0.192200 ms CreateObjectMapping: 0.059600 ms MarkObjects: 1.225000 ms  DeleteObjects: 0.840200 ms)

========================================================================
Received Import Request.
  Time since last request: 7.018209 seconds.
  path: Assets/Resources/Spine/Player1/ReferenceAssets
  artifactKey: Guid(7a9bbe9a51338fe48a38e71ca790235e) Importer(815301076,1909f56bfc062723c751e8b465ee728b)
Start importing Assets/Resources/Spine/Player1/ReferenceAssets using Guid(7a9bbe9a51338fe48a38e71ca790235e) Importer(815301076,1909f56bfc062723c751e8b465ee728b)  -> (artifact id: '4bf65aa18d55d804c5cde5776fb7660e') in 0.007908 seconds
  Import took 0.010643 seconds .

========================================================================
Received Prepare
Registering precompiled user dll's ...
Registered in 0.001273 seconds.
Begin MonoManager ReloadAssembly
Native extension for WindowsStandalone target not found
Refreshing native plugins compatible for Editor in 0.36 ms, found 0 plugins.
Preloading 0 native plugins for Editor in 0.00 ms.
Invoked RoslynAnalysisRunner static constructor.
RoslynAnalysisRunner will not be running.
RoslynAnalysisRunner has terminated.
Mono: successfully reloaded assembly
- Completed reload, in  0.679 seconds
Platform modules already initialized, skipping
Refreshing native plugins compatible for Editor in 0.37 ms, found 0 plugins.
Preloading 0 native plugins for Editor in 0.00 ms.
Unloading 1710 Unused Serialized files (Serialized files now loaded: 0)
System memory in use before: 87.8 MB.
System memory in use after: 86.6 MB.

Unloading 21 unused Assets to reduce memory usage. Loaded Objects now: 2197.
Total: 3.393400 ms (FindLiveObjects: 0.170700 ms CreateObjectMapping: 0.061500 ms MarkObjects: 2.070800 ms  DeleteObjects: 1.089400 ms)

========================================================================
Received Prepare
Registering precompiled user dll's ...
Registered in 0.001288 seconds.
Begin MonoManager ReloadAssembly
Native extension for WindowsStandalone target not found
Refreshing native plugins compatible for Editor in 0.37 ms, found 0 plugins.
Preloading 0 native plugins for Editor in 0.00 ms.
Invoked RoslynAnalysisRunner static constructor.
RoslynAnalysisRunner will not be running.
RoslynAnalysisRunner has terminated.
Mono: successfully reloaded assembly
- Completed reload, in  0.734 seconds
Platform modules already initialized, skipping
Refreshing native plugins compatible for Editor in 0.37 ms, found 0 plugins.
Preloading 0 native plugins for Editor in 0.00 ms.
Unloading 1710 Unused Serialized files (Serialized files now loaded: 0)
System memory in use before: 87.7 MB.
System memory in use after: 86.6 MB.

Unloading 21 unused Assets to reduce memory usage. Loaded Objects now: 2200.
Total: 2.460700 ms (FindLiveObjects: 0.172700 ms CreateObjectMapping: 0.059700 ms MarkObjects: 1.251800 ms  DeleteObjects: 0.975400 ms)

========================================================================
Received Prepare
Registering precompiled user dll's ...
Registered in 0.001209 seconds.
Begin MonoManager ReloadAssembly
Native extension for WindowsStandalone target not found
Refreshing native plugins compatible for Editor in 0.36 ms, found 0 plugins.
Preloading 0 native plugins for Editor in 0.00 ms.
Invoked RoslynAnalysisRunner static constructor.
RoslynAnalysisRunner will not be running.
RoslynAnalysisRunner has terminated.
Mono: successfully reloaded assembly
- Completed reload, in  0.726 seconds
Platform modules already initialized, skipping
Refreshing native plugins compatible for Editor in 0.37 ms, found 0 plugins.
Preloading 0 native plugins for Editor in 0.00 ms.
Unloading 1710 Unused Serialized files (Serialized files now loaded: 0)
System memory in use before: 87.7 MB.
System memory in use after: 86.6 MB.

Unloading 21 unused Assets to reduce memory usage. Loaded Objects now: 2203.
Total: 4.466700 ms (FindLiveObjects: 0.259300 ms CreateObjectMapping: 0.173600 ms MarkObjects: 2.283800 ms  DeleteObjects: 1.748200 ms)

========================================================================
Received Prepare
Registering precompiled user dll's ...
Registered in 0.001231 seconds.
Begin MonoManager ReloadAssembly
Native extension for WindowsStandalone target not found
Refreshing native plugins compatible for Editor in 0.36 ms, found 0 plugins.
Preloading 0 native plugins for Editor in 0.00 ms.
Invoked RoslynAnalysisRunner static constructor.
RoslynAnalysisRunner will not be running.
RoslynAnalysisRunner has terminated.
Mono: successfully reloaded assembly
- Completed reload, in  0.681 seconds
Platform modules already initialized, skipping
Refreshing native plugins compatible for Editor in 0.39 ms, found 0 plugins.
Preloading 0 native plugins for Editor in 0.00 ms.
Unloading 1710 Unused Serialized files (Serialized files now loaded: 0)
System memory in use before: 87.8 MB.
System memory in use after: 86.6 MB.

Unloading 21 unused Assets to reduce memory usage. Loaded Objects now: 2206.
Total: 2.679200 ms (FindLiveObjects: 0.194900 ms CreateObjectMapping: 0.064800 ms MarkObjects: 1.388700 ms  DeleteObjects: 1.029400 ms)

========================================================================
Received Import Request.
  Time since last request: 172.165253 seconds.
  path: Assets/Spine/Skeleton/New Animation Reference Asset.asset
  artifactKey: Guid(4ee9d745b06600e4f85e43f6e4b322af) Importer(815301076,1909f56bfc062723c751e8b465ee728b)
Start importing Assets/Spine/Skeleton/New Animation Reference Asset.asset using Guid(4ee9d745b06600e4f85e43f6e4b322af) Importer(815301076,1909f56bfc062723c751e8b465ee728b)  -> (artifact id: 'c2974dbfcb17349b6af0c32fb0992840') in 0.100550 seconds
  Import took 0.104420 seconds .

========================================================================
Received Import Request.
  Time since last request: 0.773676 seconds.
  path: Assets/Spine/Skeleton/player_combine.asset
  artifactKey: Guid(f4393f3f7635476438d23afdfc4519a0) Importer(815301076,1909f56bfc062723c751e8b465ee728b)
Start importing Assets/Spine/Skeleton/player_combine.asset using Guid(f4393f3f7635476438d23afdfc4519a0) Importer(815301076,1909f56bfc062723c751e8b465ee728b)  -> (artifact id: 'd090efe15c9d459dae3d399fe23177f1') in 0.129692 seconds
  Import took 0.132643 seconds .

========================================================================
Received Import Request.
  Time since last request: 0.013278 seconds.
  path: Assets/Spine/Skeleton/player_combine.asset
  artifactKey: Guid(f4393f3f7635476438d23afdfc4519a0) Importer(815301076,1909f56bfc062723c751e8b465ee728b)
Start importing Assets/Spine/Skeleton/player_combine.asset using Guid(f4393f3f7635476438d23afdfc4519a0) Importer(815301076,1909f56bfc062723c751e8b465ee728b)  -> (artifact id: 'd090efe15c9d459dae3d399fe23177f1') in 0.046446 seconds
  Import took 0.049963 seconds .

========================================================================
Received Prepare
Registering precompiled user dll's ...
Registered in 0.001472 seconds.
Begin MonoManager ReloadAssembly
Native extension for WindowsStandalone target not found
Refreshing native plugins compatible for Editor in 0.37 ms, found 0 plugins.
Preloading 0 native plugins for Editor in 0.00 ms.
Invoked RoslynAnalysisRunner static constructor.
RoslynAnalysisRunner will not be running.
RoslynAnalysisRunner has terminated.
Mono: successfully reloaded assembly
- Completed reload, in  0.711 seconds
Platform modules already initialized, skipping
Refreshing native plugins compatible for Editor in 0.36 ms, found 0 plugins.
Preloading 0 native plugins for Editor in 0.00 ms.
Unloading 1710 Unused Serialized files (Serialized files now loaded: 0)
System memory in use before: 87.8 MB.
System memory in use after: 86.6 MB.

Unloading 21 unused Assets to reduce memory usage. Loaded Objects now: 2210.
Total: 2.637000 ms (FindLiveObjects: 0.156700 ms CreateObjectMapping: 0.054100 ms MarkObjects: 1.430700 ms  DeleteObjects: 0.994500 ms)

========================================================================
Received Prepare
Registering precompiled user dll's ...
Registered in 0.001266 seconds.
Begin MonoManager ReloadAssembly
Native extension for WindowsStandalone target not found
Refreshing native plugins compatible for Editor in 0.39 ms, found 0 plugins.
Preloading 0 native plugins for Editor in 0.00 ms.
Invoked RoslynAnalysisRunner static constructor.
RoslynAnalysisRunner will not be running.
RoslynAnalysisRunner has terminated.
Mono: successfully reloaded assembly
- Completed reload, in  0.769 seconds
Platform modules already initialized, skipping
Refreshing native plugins compatible for Editor in 0.37 ms, found 0 plugins.
Preloading 0 native plugins for Editor in 0.00 ms.
Unloading 1710 Unused Serialized files (Serialized files now loaded: 0)
System memory in use before: 87.8 MB.
System memory in use after: 86.6 MB.

Unloading 21 unused Assets to reduce memory usage. Loaded Objects now: 2213.
Total: 5.929200 ms (FindLiveObjects: 0.463400 ms CreateObjectMapping: 0.221500 ms MarkObjects: 2.908600 ms  DeleteObjects: 2.334200 ms)

AssetImportWorkerClient::OnTransportError - code=2 error=End of file
