Using pre-set license
Built from '2020.3/release' branch; Version is '2020.3.1f1 (77a89f25062f) revision 7841951'; Using compiler version '192528614'; Build Type 'Release'
OS: 'Windows 10 Pro; OS build 19045.2604; Version 2009; 64bit' Language: 'ko' Physical Memory: 16318 MB
BatchMode: 1, IsHumanControllingUs: 0, StartBugReporterOnCrash: 0, Is64bit: 1, IsPro: 0

 COMMAND LINE ARGUMENTS:
D:\Unity\2020.3.1f1\Editor\Unity.exe
-adb2
-batchMode
-noUpm
-name
AssetImportWorker0
-projectPath
D:/Desktop/GithubBackup/UndyingPeaceGirl/UnDyingPeaceGirlGame/UndyingPeaceGirl
-logFile
Logs/AssetImportWorker0.log
-srvPort
52048
Successfully changed project path to: D:/Desktop/GithubBackup/UndyingPeaceGirl/UnDyingPeaceGirlGame/UndyingPeaceGirl
D:/Desktop/GithubBackup/UndyingPeaceGirl/UnDyingPeaceGirlGame/UndyingPeaceGirl
Using Asset Import Pipeline V2.
Refreshing native plugins compatible for Editor in 40.62 ms, found 0 plugins.
Preloading 0 native plugins for Editor in 0.00 ms.
Initialize engine version: 2020.3.1f1 (77a89f25062f)
[Subsystems] Discovering subsystems at path D:/Unity/2020.3.1f1/Editor/Data/Resources/UnitySubsystems
[Subsystems] Discovering subsystems at path D:/Desktop/GithubBackup/UndyingPeaceGirl/UnDyingPeaceGirlGame/UndyingPeaceGirl/Assets
GfxDevice: creating device client; threaded=0
Direct3D:
    Version:  Direct3D 11.0 [level 11.1]
    Renderer: NVIDIA GeForce RTX 2060 SUPER (ID=0x1f06)
    Vendor:   
    VRAM:     8031 MB
    Driver:   31.0.15.1694
Initialize mono
Mono path[0] = 'D:/Unity/2020.3.1f1/Editor/Data/Managed'
Mono path[1] = 'D:/Unity/2020.3.1f1/Editor/Data/MonoBleedingEdge/lib/mono/unityjit'
Mono config path = 'D:/Unity/2020.3.1f1/Editor/Data/MonoBleedingEdge/etc'
Using monoOptions --debugger-agent=transport=dt_socket,embedding=1,server=y,suspend=n,address=127.0.0.1:56116
Begin MonoManager ReloadAssembly
Registering precompiled unity dll's ...
Register platform support module: D:/Unity/2020.3.1f1/Editor/Data/PlaybackEngines/WindowsStandaloneSupport/UnityEditor.WindowsStandalone.Extensions.dll
Registered in 0.001171 seconds.
Native extension for WindowsStandalone target not found
Refreshing native plugins compatible for Editor in 41.80 ms, found 0 plugins.
Preloading 0 native plugins for Editor in 0.00 ms.
Invoked RoslynAnalysisRunner static constructor.
RoslynAnalysisRunner will not be running.
RoslynAnalysisRunner has terminated.
Mono: successfully reloaded assembly
- Completed reload, in  1.320 seconds
Platform modules already initialized, skipping
Registering precompiled user dll's ...
Registered in 0.001224 seconds.
Begin MonoManager ReloadAssembly
Native extension for WindowsStandalone target not found
Refreshing native plugins compatible for Editor in 0.40 ms, found 0 plugins.
Preloading 0 native plugins for Editor in 0.00 ms.
Invoked RoslynAnalysisRunner static constructor.
RoslynAnalysisRunner will not be running.
RoslynAnalysisRunner has terminated.
Mono: successfully reloaded assembly
- Completed reload, in  0.762 seconds
Platform modules already initialized, skipping
========================================================================
Worker process is ready to serve import requests
Launched and connected shader compiler UnityShaderCompiler.exe after 0.04 seconds
Refreshing native plugins compatible for Editor in 0.35 ms, found 0 plugins.
Preloading 0 native plugins for Editor in 0.00 ms.
Unloading 1742 Unused Serialized files (Serialized files now loaded: 0)
System memory in use before: 86.3 MB.
System memory in use after: 85.1 MB.

Unloading 30 unused Assets to reduce memory usage. Loaded Objects now: 2179.
Total: 8.219300 ms (FindLiveObjects: 0.190100 ms CreateObjectMapping: 0.130000 ms MarkObjects: 7.014100 ms  DeleteObjects: 0.883600 ms)

========================================================================
Received Import Request.
  path: Assets/Resources/Spine/Player1
  artifactKey: Guid(6901db125f108b54c940d947f500ba6d) Importer(815301076,1909f56bfc062723c751e8b465ee728b)
Start importing Assets/Resources/Spine/Player1 using Guid(6901db125f108b54c940d947f500ba6d) Importer(815301076,1909f56bfc062723c751e8b465ee728b)  -> (artifact id: '16de5c36b3fa98f4d24261fbc190349c') in 0.003840 seconds
  Import took 0.006285 seconds .

========================================================================
Received Import Request.
  Time since last request: 17.612933 seconds.
  path: Assets/Resources/Spine/char_0.atlas.txt
  artifactKey: Guid(15df63af6e8ae8e4195dc331e4a96c5e) Importer(815301076,1909f56bfc062723c751e8b465ee728b)
Start importing Assets/Resources/Spine/char_0.atlas.txt using Guid(15df63af6e8ae8e4195dc331e4a96c5e) Importer(815301076,1909f56bfc062723c751e8b465ee728b)  -> (artifact id: '394345fc6c51b9f235105aa0f39d6dae') in 0.040344 seconds
  Import took 0.042969 seconds .

========================================================================
Received Import Request.
  Time since last request: 10.789360 seconds.
  path: Assets/Resources/Spine/Player1/char_0.json
  artifactKey: Guid(401fdbd608f86374287880c23e9eb7b9) Importer(815301076,1909f56bfc062723c751e8b465ee728b)
Start importing Assets/Resources/Spine/Player1/char_0.json using Guid(401fdbd608f86374287880c23e9eb7b9) Importer(815301076,1909f56bfc062723c751e8b465ee728b)  -> (artifact id: 'df399b854364dac1863dc8f94e40b8fc') in 0.041940 seconds
  Import took 0.044671 seconds .

========================================================================
Received Import Request.
  Time since last request: 44.579174 seconds.
  path: Assets/Scenes/New Scene.unity
  artifactKey: Guid(bbfe02d40696b1944a8ca69e83a080dc) Importer(815301076,1909f56bfc062723c751e8b465ee728b)
Start importing Assets/Scenes/New Scene.unity using Guid(bbfe02d40696b1944a8ca69e83a080dc) Importer(815301076,1909f56bfc062723c751e8b465ee728b)  -> (artifact id: '964dee0ac4c87f09a3451c46a2275fe6') in 0.007141 seconds
  Import took 0.009942 seconds .

========================================================================
Received Import Request.
  Time since last request: 3.341567 seconds.
  path: Assets/Scenes/BossTest.unity
  artifactKey: Guid(e1a7028374f9beb48a4c41e3f35cc4df) Importer(815301076,1909f56bfc062723c751e8b465ee728b)
Start importing Assets/Scenes/BossTest.unity using Guid(e1a7028374f9beb48a4c41e3f35cc4df) Importer(815301076,1909f56bfc062723c751e8b465ee728b)  -> (artifact id: '52dd0f70877185d29a2aefcab50b321c') in 0.006105 seconds
  Import took 0.008783 seconds .

========================================================================
Received Import Request.
  Time since last request: 54.284144 seconds.
  path: Assets/Spine Examples/Spine Skeletons/spineboy-unity
  artifactKey: Guid(a0a97d96245608d43be03223ebfbc185) Importer(815301076,1909f56bfc062723c751e8b465ee728b)
Start importing Assets/Spine Examples/Spine Skeletons/spineboy-unity using Guid(a0a97d96245608d43be03223ebfbc185) Importer(815301076,1909f56bfc062723c751e8b465ee728b)  -> (artifact id: 'f04aa58b0284b6b0a70b783b88f47532') in 0.006563 seconds
  Import took 0.009566 seconds .

========================================================================
Received Prepare
Registering precompiled user dll's ...
Registered in 0.001224 seconds.
Begin MonoManager ReloadAssembly
Native extension for WindowsStandalone target not found
Refreshing native plugins compatible for Editor in 0.39 ms, found 0 plugins.
Preloading 0 native plugins for Editor in 0.00 ms.
Invoked RoslynAnalysisRunner static constructor.
RoslynAnalysisRunner will not be running.
RoslynAnalysisRunner has terminated.
Mono: successfully reloaded assembly
- Completed reload, in  0.782 seconds
Platform modules already initialized, skipping
Refreshing native plugins compatible for Editor in 0.37 ms, found 0 plugins.
Preloading 0 native plugins for Editor in 0.00 ms.
Unloading 1709 Unused Serialized files (Serialized files now loaded: 0)
System memory in use before: 84.1 MB.
System memory in use after: 83.0 MB.

Unloading 21 unused Assets to reduce memory usage. Loaded Objects now: 2182.
Total: 2.281600 ms (FindLiveObjects: 0.154600 ms CreateObjectMapping: 0.055600 ms MarkObjects: 1.172300 ms  DeleteObjects: 0.898300 ms)

========================================================================
Received Prepare
Registering precompiled user dll's ...
Registered in 0.001136 seconds.
Begin MonoManager ReloadAssembly
Native extension for WindowsStandalone target not found
Refreshing native plugins compatible for Editor in 0.38 ms, found 0 plugins.
Preloading 0 native plugins for Editor in 0.00 ms.
Invoked RoslynAnalysisRunner static constructor.
RoslynAnalysisRunner will not be running.
RoslynAnalysisRunner has terminated.
Mono: successfully reloaded assembly
- Completed reload, in  0.809 seconds
Platform modules already initialized, skipping
Refreshing native plugins compatible for Editor in 0.39 ms, found 0 plugins.
Preloading 0 native plugins for Editor in 0.00 ms.
Unloading 1709 Unused Serialized files (Serialized files now loaded: 0)
System memory in use before: 84.1 MB.
System memory in use after: 83.0 MB.

Unloading 21 unused Assets to reduce memory usage. Loaded Objects now: 2185.
Total: 3.074100 ms (FindLiveObjects: 0.282400 ms CreateObjectMapping: 0.104900 ms MarkObjects: 1.731100 ms  DeleteObjects: 0.954600 ms)

========================================================================
Received Prepare
Registering precompiled user dll's ...
Registered in 0.001161 seconds.
Begin MonoManager ReloadAssembly
Native extension for WindowsStandalone target not found
Refreshing native plugins compatible for Editor in 0.36 ms, found 0 plugins.
Preloading 0 native plugins for Editor in 0.00 ms.
Invoked RoslynAnalysisRunner static constructor.
RoslynAnalysisRunner will not be running.
RoslynAnalysisRunner has terminated.
Mono: successfully reloaded assembly
- Completed reload, in  0.685 seconds
Platform modules already initialized, skipping
Refreshing native plugins compatible for Editor in 0.37 ms, found 0 plugins.
Preloading 0 native plugins for Editor in 0.00 ms.
Unloading 1709 Unused Serialized files (Serialized files now loaded: 0)
System memory in use before: 84.1 MB.
System memory in use after: 83.0 MB.

Unloading 21 unused Assets to reduce memory usage. Loaded Objects now: 2188.
Total: 2.644700 ms (FindLiveObjects: 0.207300 ms CreateObjectMapping: 0.075300 ms MarkObjects: 1.365100 ms  DeleteObjects: 0.995800 ms)

========================================================================
Received Prepare
Registering precompiled user dll's ...
Registered in 0.001245 seconds.
Begin MonoManager ReloadAssembly
Native extension for WindowsStandalone target not found
Refreshing native plugins compatible for Editor in 0.36 ms, found 0 plugins.
Preloading 0 native plugins for Editor in 0.00 ms.
Invoked RoslynAnalysisRunner static constructor.
RoslynAnalysisRunner will not be running.
RoslynAnalysisRunner has terminated.
Mono: successfully reloaded assembly
- Completed reload, in  0.697 seconds
Platform modules already initialized, skipping
Refreshing native plugins compatible for Editor in 0.43 ms, found 0 plugins.
Preloading 0 native plugins for Editor in 0.00 ms.
Unloading 1709 Unused Serialized files (Serialized files now loaded: 0)
System memory in use before: 84.2 MB.
System memory in use after: 83.0 MB.

Unloading 21 unused Assets to reduce memory usage. Loaded Objects now: 2191.
Total: 2.612000 ms (FindLiveObjects: 0.240600 ms CreateObjectMapping: 0.076600 ms MarkObjects: 1.282500 ms  DeleteObjects: 1.011000 ms)

========================================================================
Received Prepare
Registering precompiled user dll's ...
Registered in 0.001182 seconds.
Begin MonoManager ReloadAssembly
Native extension for WindowsStandalone target not found
Refreshing native plugins compatible for Editor in 0.36 ms, found 0 plugins.
Preloading 0 native plugins for Editor in 0.00 ms.
Invoked RoslynAnalysisRunner static constructor.
RoslynAnalysisRunner will not be running.
RoslynAnalysisRunner has terminated.
Mono: successfully reloaded assembly
- Completed reload, in  0.797 seconds
Platform modules already initialized, skipping
Refreshing native plugins compatible for Editor in 0.45 ms, found 0 plugins.
Preloading 0 native plugins for Editor in 0.00 ms.
Unloading 1709 Unused Serialized files (Serialized files now loaded: 0)
System memory in use before: 84.2 MB.
System memory in use after: 83.0 MB.

Unloading 21 unused Assets to reduce memory usage. Loaded Objects now: 2194.
Total: 2.725500 ms (FindLiveObjects: 0.261200 ms CreateObjectMapping: 0.070300 ms MarkObjects: 1.320800 ms  DeleteObjects: 1.071800 ms)

========================================================================
Received Import Request.
  Time since last request: 352.205261 seconds.
  path: Assets/Spine Examples/Getting Started/4 Object Oriented Sample.unity
  artifactKey: Guid(47344a855c1c167499dbb9bf28d1368b) Importer(815301076,1909f56bfc062723c751e8b465ee728b)
Start importing Assets/Spine Examples/Getting Started/4 Object Oriented Sample.unity using Guid(47344a855c1c167499dbb9bf28d1368b) Importer(815301076,1909f56bfc062723c751e8b465ee728b)  -> (artifact id: 'd0010a3f1562f0c9060c7f32e53db7a5') in 0.015414 seconds
  Import took 0.017905 seconds .

========================================================================
Received Prepare
Registering precompiled user dll's ...
Registered in 0.001232 seconds.
Begin MonoManager ReloadAssembly
Native extension for WindowsStandalone target not found
Refreshing native plugins compatible for Editor in 0.36 ms, found 0 plugins.
Preloading 0 native plugins for Editor in 0.00 ms.
Invoked RoslynAnalysisRunner static constructor.
RoslynAnalysisRunner will not be running.
RoslynAnalysisRunner has terminated.
Mono: successfully reloaded assembly
- Completed reload, in  0.697 seconds
Platform modules already initialized, skipping
Refreshing native plugins compatible for Editor in 0.47 ms, found 0 plugins.
Preloading 0 native plugins for Editor in 0.00 ms.
Unloading 1709 Unused Serialized files (Serialized files now loaded: 0)
System memory in use before: 84.1 MB.
System memory in use after: 83.1 MB.

Unloading 21 unused Assets to reduce memory usage. Loaded Objects now: 2197.
Total: 8.721500 ms (FindLiveObjects: 0.205700 ms CreateObjectMapping: 0.696100 ms MarkObjects: 5.900500 ms  DeleteObjects: 1.841100 ms)

========================================================================
Received Prepare
Registering precompiled user dll's ...
Registered in 0.001485 seconds.
Begin MonoManager ReloadAssembly
Native extension for WindowsStandalone target not found
Refreshing native plugins compatible for Editor in 0.38 ms, found 0 plugins.
Preloading 0 native plugins for Editor in 0.00 ms.
Invoked RoslynAnalysisRunner static constructor.
RoslynAnalysisRunner will not be running.
RoslynAnalysisRunner has terminated.
Mono: successfully reloaded assembly
- Completed reload, in  0.698 seconds
Platform modules already initialized, skipping
Refreshing native plugins compatible for Editor in 0.42 ms, found 0 plugins.
Preloading 0 native plugins for Editor in 0.00 ms.
Unloading 1709 Unused Serialized files (Serialized files now loaded: 0)
System memory in use before: 84.2 MB.
System memory in use after: 83.1 MB.

Unloading 21 unused Assets to reduce memory usage. Loaded Objects now: 2200.
Total: 2.766700 ms (FindLiveObjects: 0.302500 ms CreateObjectMapping: 0.080600 ms MarkObjects: 1.306400 ms  DeleteObjects: 1.076000 ms)

AssetImportWorkerClient::OnTransportError - code=2 error=End of file
